SF:lib/domain/usecase/movie/search_movies.dart
DA:9,1
DA:11,1
DA:12,2
LF:3
LH:3
end_of_record
SF:lib/domain/usecase/tv_series/search_tv_series.dart
DA:9,1
DA:11,1
DA:12,2
LF:3
LH:3
end_of_record
SF:lib/presentation/bloc/movie/search_movie_state.dart
DA:6,2
DA:8,1
DA:9,1
DA:19,2
DA:21,1
DA:22,2
DA:28,2
DA:30,1
DA:31,2
LF:9
LH:9
end_of_record
SF:lib/presentation/bloc/movie/search_movie_event.dart
DA:6,2
DA:8,0
DA:9,0
DA:14,2
DA:16,0
DA:17,0
LF:6
LH:2
end_of_record
SF:lib/presentation/bloc/movie/search_movie_bloc.dart
DA:13,3
DA:14,1
DA:15,1
DA:16,1
DA:18,2
DA:19,2
DA:21,1
DA:22,1
DA:23,3
DA:25,1
DA:26,2
DA:29,1
DA:34,2
DA:35,6
LF:14
LH:14
end_of_record
SF:lib/presentation/bloc/tv_series/search_tv_series_state.dart
DA:7,2
DA:9,1
DA:10,1
DA:20,2
DA:22,1
DA:23,2
DA:29,2
DA:31,1
DA:32,2
LF:9
LH:9
end_of_record
SF:lib/presentation/bloc/tv_series/search_tv_series_event.dart
DA:6,2
DA:8,0
DA:9,0
DA:14,2
DA:16,0
DA:17,0
LF:6
LH:2
end_of_record
SF:lib/presentation/bloc/tv_series/search_tv_series_bloc.dart
DA:13,3
DA:14,2
DA:15,1
DA:17,2
DA:18,2
DA:20,1
DA:21,1
DA:22,3
DA:24,1
DA:25,2
DA:28,1
LF:11
LH:11
end_of_record
SF:lib/presentation/pages/movie/search_page.dart
DA:13,1
DA:15,1
DA:16,1
DA:19,1
DA:21,1
DA:23,1
DA:24,1
DA:25,1
DA:26,3
DA:36,1
DA:38,1
DA:41,1
DA:42,1
DA:43,1
DA:47,1
DA:48,1
DA:49,1
DA:50,1
DA:52,1
DA:53,1
DA:54,1
DA:56,1
DA:59,1
DA:60,1
DA:61,1
DA:63,2
DA:66,1
DA:67,1
DA:69,1
DA:70,1
DA:72,1
DA:75,2
DA:81,0
DA:82,0
LF:34
LH:32
end_of_record
SF:lib/presentation/pages/tv_series/search_tv_series_page.dart
DA:11,1
DA:13,1
DA:15,1
DA:16,1
DA:19,1
DA:21,1
DA:23,1
DA:24,1
DA:25,1
DA:27,1
DA:28,2
DA:38,1
DA:40,1
DA:42,1
DA:43,1
DA:44,1
DA:48,1
DA:49,1
DA:50,1
DA:51,1
DA:53,1
DA:54,1
DA:55,1
DA:57,1
DA:60,1
DA:61,1
DA:62,1
DA:63,1
DA:64,1
DA:69,1
DA:70,1
DA:72,1
DA:73,1
DA:75,1
DA:78,2
DA:85,0
DA:86,0
LF:37
LH:35
end_of_record
