SF:lib/presentation/bloc/now_playing_tv_series/now_playing_tv_series_state.dart
DA:8,1
DA:9,1
DA:15,3
DA:17,1
DA:18,2
DA:24,3
DA:26,1
DA:27,2
DA:31,1
DA:32,1
LF:10
LH:10
end_of_record
SF:lib/presentation/bloc/now_playing_tv_series/now_playing_tv_series_bloc.dart
DA:15,1
DA:16,2
DA:17,2
DA:20,1
DA:22,2
DA:24,2
DA:26,1
DA:27,1
DA:28,3
DA:30,1
DA:31,1
DA:32,2
DA:34,2
LF:13
LH:13
end_of_record
SF:lib/presentation/bloc/now_playing_tv_series/now_playing_tv_series_event.dart
DA:6,1
DA:7,1
LF:2
LH:2
end_of_record
SF:lib/presentation/bloc/popular_tv_series/popular_tv_series_state.dart
DA:8,1
DA:9,1
DA:15,3
DA:17,1
DA:18,2
DA:24,3
DA:26,1
DA:27,2
DA:31,1
DA:32,1
LF:10
LH:10
end_of_record
SF:lib/presentation/bloc/popular_tv_series/popular_tv_series_bloc.dart
DA:15,1
DA:16,2
DA:17,2
DA:20,1
DA:22,2
DA:24,2
DA:26,1
DA:27,1
DA:28,3
DA:30,1
DA:31,1
DA:32,2
DA:34,2
LF:13
LH:13
end_of_record
SF:lib/presentation/bloc/popular_tv_series/popular_tv_series_event.dart
DA:6,1
DA:7,1
LF:2
LH:2
end_of_record
SF:lib/presentation/bloc/top_rated_tv_series/top_rated_tv_series_event.dart
DA:6,1
DA:7,1
LF:2
LH:2
end_of_record
SF:lib/presentation/bloc/top_rated_tv_series/top_rated_tv_series_state.dart
DA:8,1
DA:9,1
DA:15,3
DA:17,1
DA:18,2
DA:24,3
DA:26,1
DA:27,2
DA:31,1
DA:32,1
LF:10
LH:10
end_of_record
SF:lib/presentation/bloc/top_rated_tv_series/top_rated_tv_series_bloc.dart
DA:15,1
DA:16,2
DA:17,2
DA:20,1
DA:22,2
DA:24,2
DA:26,1
DA:27,1
DA:28,3
DA:30,1
DA:31,1
DA:32,2
DA:34,2
LF:13
LH:13
end_of_record
SF:lib/presentation/bloc/detail_tv_series/detail_tv_series_state.dart
DA:7,2
DA:8,0
DA:9,0
DA:14,1
DA:15,1
DA:21,2
DA:23,1
DA:24,2
DA:30,2
DA:32,1
DA:33,2
DA:37,1
DA:38,1
LF:13
LH:11
end_of_record
SF:lib/presentation/bloc/detail_tv_series/detail_tv_series_bloc.dart
DA:14,3
DA:15,2
DA:18,1
DA:20,1
DA:21,2
DA:23,2
DA:25,1
DA:26,1
DA:27,3
DA:29,1
DA:30,2
LF:11
LH:11
end_of_record
SF:lib/presentation/bloc/detail_tv_series/detail_tv_series_event.dart
DA:8,2
DA:10,1
DA:11,2
LF:3
LH:3
end_of_record
SF:lib/presentation/bloc/recomendation_tv_series/recomendation_tv_series_state.dart
DA:6,1
DA:7,0
DA:8,0
DA:13,0
DA:14,0
DA:20,0
DA:22,0
DA:23,0
DA:29,1
DA:31,0
DA:32,0
DA:36,0
DA:37,0
LF:13
LH:2
end_of_record
SF:lib/presentation/bloc/recomendation_tv_series/recomendation_tv_series_event.dart
DA:8,1
DA:10,0
DA:11,0
LF:3
LH:1
end_of_record
SF:lib/presentation/bloc/recomendation_tv_series/recomendation_tv_series_bloc.dart
DA:15,0
DA:16,0
DA:17,0
DA:20,0
DA:22,0
DA:23,0
DA:25,0
DA:27,0
DA:28,0
DA:29,0
DA:31,0
DA:32,0
DA:33,0
DA:35,0
LF:14
LH:0
end_of_record
SF:lib/domain/usecase/get_now_playing_tv_series.dart
DA:9,1
DA:11,1
DA:12,2
LF:3
LH:3
end_of_record
SF:lib/domain/usecase/get_popular_tv_series.dart
DA:9,1
DA:11,1
DA:12,2
LF:3
LH:3
end_of_record
SF:lib/domain/usecase/get_top_rated_tv_series.dart
DA:9,1
DA:11,1
DA:12,2
LF:3
LH:3
end_of_record
SF:lib/domain/usecase/get_tv_series_detail.dart
DA:9,1
DA:11,1
DA:12,2
LF:3
LH:3
end_of_record
SF:lib/domain/usecase/get_tv_series_recomendations.dart
DA:9,1
DA:11,1
DA:12,2
LF:3
LH:3
end_of_record
SF:lib/presentation/pages/detail_tv_series_page.dart
DA:19,1
DA:21,1
DA:22,1
DA:26,1
DA:28,1
DA:29,1
DA:30,1
DA:31,1
DA:32,1
DA:33,4
DA:34,1
DA:35,1
DA:36,4
DA:37,1
DA:38,1
DA:39,4
DA:44,1
DA:46,1
DA:47,3
DA:48,2
DA:50,1
DA:51,1
DA:52,1
DA:53,1
DA:57,1
DA:58,1
DA:59,1
DA:60,1
DA:62,1
DA:83,1
DA:85,1
DA:86,1
DA:90,1
DA:92,3
DA:93,1
DA:94,1
DA:95,1
DA:97,4
DA:99,1
DA:102,0
DA:104,1
DA:106,1
DA:107,1
DA:108,1
DA:118,1
DA:119,1
DA:120,1
DA:122,1
DA:124,1
DA:126,1
DA:127,1
DA:128,3
DA:129,1
DA:131,1
DA:132,0
DA:133,0
DA:134,0
DA:135,0
DA:137,0
DA:138,0
DA:139,0
DA:148,0
DA:150,0
DA:151,0
DA:152,0
DA:153,0
DA:157,0
DA:161,0
DA:162,0
DA:163,0
DA:164,0
DA:165,0
DA:170,0
DA:172,0
DA:173,0
DA:174,0
DA:178,0
DA:179,0
DA:180,0
DA:183,1
DA:185,1
DA:186,2
DA:193,1
DA:194,4
DA:196,1
DA:197,1
DA:198,1
DA:199,4
DA:201,1
DA:207,5
DA:211,1
DA:213,1
DA:215,1
DA:216,3
DA:219,1
DA:221,1
DA:223,1
DA:225,1
DA:227,4
DA:228,1
DA:229,1
DA:230,1
DA:231,1
DA:233,1
DA:235,1
DA:238,1
DA:239,1
DA:240,1
DA:241,1
DA:243,1
DA:244,2
DA:245,1
DA:252,1
DA:256,1
DA:258,1
DA:260,1
DA:262,1
DA:263,1
DA:268,1
DA:269,0
DA:271,1
DA:272,1
DA:273,1
DA:275,1
DA:277,1
DA:278,1
DA:279,1
DA:281,1
DA:282,0
DA:283,0
DA:286,0
DA:289,1
DA:294,1
DA:296,2
DA:297,1
DA:303,0
DA:310,1
DA:314,0
DA:322,1
DA:324,1
DA:339,1
DA:341,1
DA:344,1
DA:346,0
DA:347,0
DA:356,1
DA:358,2
DA:359,3
DA:362,1
DA:366,3
LF:150
LH:116
end_of_record
SF:lib/presentation/pages/now_playing_tv_series_page.dart
DA:9,1
DA:12,1
DA:13,1
DA:17,1
DA:19,1
DA:20,1
DA:21,2
DA:22,1
DA:23,2
DA:27,1
DA:29,1
DA:30,1
DA:33,1
DA:35,1
DA:36,1
DA:37,1
DA:41,1
DA:42,1
DA:44,1
DA:45,2
DA:46,1
DA:48,2
DA:50,1
DA:51,1
DA:53,2
LF:25
LH:25
end_of_record
SF:lib/presentation/pages/popular_tv_series_page.dart
DA:9,1
DA:12,1
DA:13,1
DA:17,1
DA:19,1
DA:20,2
DA:21,4
DA:24,1
DA:26,1
DA:27,1
DA:30,1
DA:32,1
DA:33,1
DA:34,1
DA:38,1
DA:39,1
DA:41,1
DA:42,2
DA:43,1
DA:45,2
DA:47,1
DA:48,1
DA:50,2
LF:23
LH:23
end_of_record
SF:lib/presentation/pages/top_rated_tv_series_page.dart
DA:9,1
DA:12,1
DA:13,1
DA:17,1
DA:19,1
DA:20,1
DA:21,5
DA:25,1
DA:27,1
DA:28,1
DA:31,1
DA:33,1
DA:34,1
DA:35,1
DA:39,1
DA:40,1
DA:42,1
DA:43,2
DA:44,1
DA:46,2
DA:48,1
DA:49,1
DA:51,2
LF:23
LH:23
end_of_record
SF:lib/presentation/pages/tv_series_list_page.dart
DA:19,3
DA:21,1
DA:22,1
DA:26,1
DA:28,1
DA:29,1
DA:30,1
DA:31,4
DA:32,4
DA:33,4
DA:38,1
DA:40,1
DA:41,1
DA:43,1
DA:44,1
DA:45,0
DA:46,0
DA:52,1
DA:54,1
DA:55,1
DA:57,1
DA:58,1
DA:60,0
DA:61,0
DA:65,1
DA:66,1
DA:67,1
DA:71,1
DA:72,1
DA:73,1
DA:74,1
DA:75,1
DA:77,2
DA:79,1
DA:93,1
DA:95,0
DA:96,0
DA:99,1
DA:100,1
DA:101,1
DA:105,1
DA:106,1
DA:108,1
DA:109,1
DA:110,1
DA:112,2
DA:114,1
DA:128,1
DA:130,0
DA:131,0
DA:134,1
DA:135,1
DA:136,1
DA:140,1
DA:141,1
DA:142,1
DA:143,1
DA:144,1
DA:146,2
DA:148,1
DA:170,1
DA:171,1
DA:173,1
DA:174,1
DA:176,1
DA:178,1
DA:194,1
DA:196,1
DA:198,1
DA:200,1
DA:202,1
DA:203,2
DA:204,1
DA:206,1
DA:207,0
DA:208,0
DA:211,0
DA:214,1
DA:216,1
DA:217,2
DA:218,1
DA:221,0
DA:227,2
LF:83
LH:71
end_of_record
