SF:lib/domain/usecase/get_movie_detail.dart
DA:9,1
DA:11,1
DA:12,2
LF:3
LH:3
end_of_record
SF:lib/domain/usecase/get_movie_recommendations.dart
DA:9,1
DA:11,1
DA:12,2
LF:3
LH:3
end_of_record
SF:lib/domain/usecase/get_now_playing_movies.dart
DA:7,1
DA:9,1
DA:10,2
LF:3
LH:3
end_of_record
SF:lib/domain/usecase/get_popular_movies.dart
DA:9,1
DA:11,1
DA:12,2
LF:3
LH:3
end_of_record
SF:lib/domain/usecase/get_top_rated_movies.dart
DA:9,1
DA:11,1
DA:12,2
LF:3
LH:3
end_of_record
SF:lib/presentation/pages/home_movie_page.dart
DA:15,1
DA:17,1
DA:21,1
DA:23,1
DA:24,1
DA:25,1
DA:26,4
DA:27,4
DA:28,4
DA:33,1
DA:35,1
DA:36,1
DA:37,1
DA:38,1
DA:46,1
DA:49,0
DA:50,0
DA:53,1
DA:56,0
DA:57,0
DA:60,1
DA:63,0
DA:64,0
DA:67,1
DA:68,0
DA:69,0
DA:77,1
DA:79,1
DA:80,1
DA:81,0
DA:82,0
DA:88,1
DA:90,1
DA:91,1
DA:93,1
DA:94,1
DA:96,1
DA:98,1
DA:99,1
DA:100,1
DA:104,1
DA:105,1
DA:106,1
DA:107,1
DA:108,1
DA:110,2
DA:112,1
DA:126,1
DA:128,0
DA:129,0
DA:131,1
DA:132,1
DA:133,1
DA:137,1
DA:138,1
DA:140,1
DA:141,1
DA:142,1
DA:144,2
DA:146,1
DA:160,1
DA:162,0
DA:163,0
DA:165,1
DA:166,1
DA:167,1
DA:171,1
DA:172,1
DA:173,1
DA:174,1
DA:175,1
DA:177,2
DA:179,1
DA:200,1
DA:201,1
DA:203,1
DA:204,1
DA:206,1
DA:208,1
DA:226,1
DA:228,1
DA:230,1
DA:232,1
DA:234,1
DA:235,2
DA:236,1
DA:238,1
DA:239,0
DA:240,0
DA:243,0
DA:246,1
DA:248,1
DA:249,2
DA:250,1
DA:253,0
DA:259,2
LF:96
LH:78
end_of_record
SF:lib/presentation/pages/movie_detail_page.dart
DA:17,1
DA:19,1
DA:20,1
DA:24,1
DA:26,1
DA:27,1
DA:28,1
DA:29,6
DA:30,1
DA:31,1
DA:32,4
DA:33,6
DA:38,1
DA:40,2
DA:41,2
DA:42,2
DA:44,1
DA:45,1
DA:46,1
DA:47,1
DA:51,1
DA:52,1
DA:53,1
DA:54,1
DA:56,1
DA:77,1
DA:79,1
DA:80,1
DA:84,1
DA:86,3
DA:87,1
DA:88,1
DA:89,1
DA:90,4
DA:92,1
DA:95,0
DA:97,1
DA:99,1
DA:100,1
DA:101,1
DA:111,1
DA:112,1
DA:113,1
DA:115,1
DA:117,1
DA:119,1
DA:120,1
DA:121,3
DA:122,1
DA:124,1
DA:125,0
DA:126,0
DA:128,0
DA:129,0
DA:131,0
DA:132,0
DA:141,0
DA:142,0
DA:143,0
DA:144,0
DA:145,0
DA:149,0
DA:153,0
DA:154,0
DA:155,0
DA:156,0
DA:157,0
DA:162,0
DA:164,0
DA:165,0
DA:166,0
DA:170,0
DA:171,0
DA:172,0
DA:175,1
DA:177,1
DA:178,2
DA:185,1
DA:186,4
DA:188,1
DA:189,4
DA:191,1
DA:192,1
DA:193,1
DA:194,4
DA:196,1
DA:202,5
DA:206,1
DA:208,1
DA:210,1
DA:211,3
DA:214,1
DA:216,1
DA:218,1
DA:220,1
DA:221,1
DA:225,1
DA:226,0
DA:227,1
DA:228,1
DA:229,1
DA:231,1
DA:233,1
DA:234,1
DA:235,1
DA:237,1
DA:238,0
DA:239,0
DA:242,0
DA:245,1
DA:250,1
DA:252,2
DA:253,1
DA:259,0
DA:266,1
DA:270,0
DA:278,1
DA:280,1
DA:295,1
DA:297,1
DA:300,1
DA:302,0
DA:303,0
DA:312,1
DA:314,2
DA:315,3
DA:318,1
DA:322,3
DA:325,1
DA:326,1
DA:327,1
DA:329,1
DA:330,1
DA:332,0
LF:134
LH:100
end_of_record
SF:lib/presentation/pages/popular_movies_page.dart
DA:9,1
DA:12,1
DA:13,1
DA:17,1
DA:19,1
DA:20,1
DA:21,5
DA:24,1
DA:26,1
DA:27,1
DA:30,1
DA:32,1
DA:33,1
DA:34,1
DA:38,1
DA:39,1
DA:40,1
DA:41,1
DA:43,1
DA:44,1
DA:45,1
DA:47,1
DA:50,1
DA:51,1
DA:53,2
LF:25
LH:25
end_of_record
SF:lib/presentation/pages/top_rated_movies_page.dart
DA:10,1
DA:12,1
DA:13,1
DA:17,1
DA:19,1
DA:20,2
DA:21,4
DA:24,1
DA:26,1
DA:27,1
DA:30,1
DA:32,1
DA:33,1
DA:34,1
DA:38,1
DA:39,1
DA:41,1
DA:42,2
DA:43,1
DA:45,2
DA:47,1
DA:48,1
DA:50,2
LF:23
LH:23
end_of_record
SF:lib/presentation/bloc/detail_movie/detail_movie_state.dart
DA:7,2
DA:8,0
DA:9,0
DA:14,1
DA:15,1
DA:21,2
DA:23,1
DA:24,2
DA:30,2
DA:32,1
DA:33,2
DA:37,1
DA:38,1
LF:13
LH:11
end_of_record
SF:lib/presentation/bloc/detail_movie/detail_movie_event.dart
DA:8,2
DA:10,1
DA:11,2
LF:3
LH:3
end_of_record
SF:lib/presentation/bloc/detail_movie/detail_movie_bloc.dart
DA:14,3
DA:15,2
DA:18,1
DA:20,1
DA:21,2
DA:23,2
DA:25,1
DA:26,1
DA:27,3
DA:29,1
DA:30,2
LF:11
LH:11
end_of_record
SF:lib/presentation/bloc/now_playing_movie/now_playing_movie_state.dart
DA:8,1
DA:9,1
DA:15,2
DA:17,1
DA:18,2
DA:24,2
DA:26,1
DA:27,2
DA:31,1
DA:32,1
LF:10
LH:10
end_of_record
SF:lib/presentation/bloc/now_playing_movie/now_playing_movie_event.dart
DA:6,1
DA:7,1
LF:2
LH:2
end_of_record
SF:lib/presentation/bloc/now_playing_movie/now_playing_movie_bloc.dart
DA:15,1
DA:16,2
DA:17,2
DA:20,1
DA:22,2
DA:24,2
DA:26,1
DA:27,1
DA:28,3
DA:30,1
DA:31,1
DA:32,2
DA:34,2
LF:13
LH:13
end_of_record
SF:lib/presentation/bloc/popular_movie/popular_movie_state.dart
DA:8,1
DA:9,1
DA:15,3
DA:17,1
DA:18,2
DA:24,3
DA:26,1
DA:27,2
DA:31,1
DA:32,1
LF:10
LH:10
end_of_record
SF:lib/presentation/bloc/popular_movie/popular_movie_bloc.dart
DA:15,1
DA:16,2
DA:17,2
DA:20,1
DA:22,2
DA:24,2
DA:26,1
DA:27,1
DA:28,3
DA:30,1
DA:31,1
DA:32,2
DA:34,2
LF:13
LH:13
end_of_record
SF:lib/presentation/bloc/popular_movie/popular_movie_event.dart
DA:6,1
DA:7,1
LF:2
LH:2
end_of_record
SF:lib/presentation/bloc/recomendation_movie/recomendation_movie_state.dart
DA:6,1
DA:7,0
DA:8,0
DA:13,0
DA:14,0
DA:20,0
DA:22,0
DA:23,0
DA:29,1
DA:31,0
DA:32,0
DA:36,0
DA:37,0
LF:13
LH:2
end_of_record
SF:lib/presentation/bloc/recomendation_movie/recomendation_movie_event.dart
DA:8,1
DA:10,0
DA:11,0
LF:3
LH:1
end_of_record
SF:lib/presentation/bloc/recomendation_movie/recomendation_movie_bloc.dart
DA:15,0
DA:16,0
DA:17,0
DA:20,0
DA:22,0
DA:23,0
DA:25,0
DA:27,0
DA:28,0
DA:29,0
DA:31,0
DA:32,0
DA:33,0
DA:35,0
LF:14
LH:0
end_of_record
SF:lib/presentation/bloc/top_rated_movie/top_rated_movie_state.dart
DA:8,1
DA:9,1
DA:15,3
DA:17,1
DA:18,2
DA:24,3
DA:26,1
DA:27,2
DA:31,1
DA:32,1
LF:10
LH:10
end_of_record
SF:lib/presentation/bloc/top_rated_movie/top_rated_movie_bloc.dart
DA:15,1
DA:16,2
DA:17,2
DA:20,1
DA:22,2
DA:24,2
DA:26,1
DA:27,1
DA:28,3
DA:30,1
DA:31,1
DA:32,2
DA:34,2
LF:13
LH:13
end_of_record
SF:lib/presentation/bloc/top_rated_movie/top_rated_movie_event.dart
DA:6,1
DA:7,1
LF:2
LH:2
end_of_record
