SF:lib/domain/usecase/get_movie_detail.dart
DA:9,1
DA:11,1
DA:12,2
LF:3
LH:3
end_of_record
SF:lib/domain/usecase/get_movie_recommendations.dart
DA:9,1
DA:11,1
DA:12,2
LF:3
LH:3
end_of_record
SF:lib/domain/usecase/get_now_playing_movies.dart
DA:7,1
DA:9,1
DA:10,2
LF:3
LH:3
end_of_record
SF:lib/domain/usecase/get_popular_movies.dart
DA:9,1
DA:11,1
DA:12,2
LF:3
LH:3
end_of_record
SF:lib/domain/usecase/get_top_rated_movies.dart
DA:9,1
DA:11,1
DA:12,2
LF:3
LH:3
end_of_record
SF:lib/presentation/pages/home_movie_page.dart
DA:14,1
DA:16,1
DA:20,1
DA:22,1
DA:23,1
DA:24,1
DA:25,4
DA:26,4
DA:27,4
DA:32,1
DA:34,1
DA:35,1
DA:36,1
DA:37,1
DA:45,1
DA:48,0
DA:49,0
DA:52,1
DA:55,0
DA:56,0
DA:59,1
DA:62,0
DA:63,0
DA:66,1
DA:67,0
DA:68,0
DA:76,1
DA:78,1
DA:79,1
DA:80,0
DA:81,0
DA:87,1
DA:89,1
DA:90,1
DA:92,1
DA:93,1
DA:95,2
DA:97,1
DA:99,1
DA:102,1
DA:104,1
DA:106,1
DA:107,1
DA:108,1
DA:112,1
DA:113,1
DA:114,1
DA:115,1
DA:116,1
DA:118,2
DA:120,1
DA:134,1
DA:136,0
DA:137,0
DA:139,1
DA:140,1
DA:141,1
DA:145,1
DA:146,1
DA:148,1
DA:149,1
DA:150,1
DA:152,2
DA:154,1
DA:168,1
DA:170,0
DA:171,0
DA:173,1
DA:174,1
DA:175,1
DA:179,1
DA:180,1
DA:181,1
DA:182,1
DA:183,1
DA:185,2
DA:187,1
DA:208,1
DA:209,1
DA:211,1
DA:212,1
DA:214,1
DA:216,1
DA:234,1
DA:236,1
DA:238,1
DA:240,1
DA:242,1
DA:243,2
DA:244,1
DA:246,1
DA:247,0
DA:248,0
DA:251,0
DA:254,1
DA:256,1
DA:257,2
DA:258,1
DA:261,0
DA:267,2
LF:100
LH:82
end_of_record
SF:lib/presentation/pages/movie_detail_page.dart
DA:18,1
DA:20,1
DA:21,1
DA:25,1
DA:27,1
DA:28,1
DA:29,1
DA:30,6
DA:31,1
DA:32,1
DA:33,4
DA:34,6
DA:39,1
DA:41,2
DA:42,2
DA:43,2
DA:45,1
DA:46,1
DA:47,1
DA:48,1
DA:52,1
DA:53,1
DA:54,1
DA:55,1
DA:57,1
DA:78,1
DA:80,1
DA:81,1
DA:85,1
DA:87,3
DA:88,1
DA:89,1
DA:90,2
DA:91,1
DA:93,4
DA:95,1
DA:98,0
DA:101,1
DA:103,1
DA:104,1
DA:105,1
DA:115,1
DA:116,1
DA:117,1
DA:119,1
DA:121,1
DA:123,1
DA:124,1
DA:125,3
DA:126,1
DA:128,1
DA:129,0
DA:130,0
DA:132,0
DA:133,0
DA:135,0
DA:136,0
DA:145,0
DA:146,0
DA:147,0
DA:148,0
DA:149,0
DA:153,0
DA:157,0
DA:158,0
DA:159,0
DA:160,0
DA:161,0
DA:166,0
DA:168,0
DA:169,0
DA:170,0
DA:174,0
DA:175,0
DA:176,0
DA:179,1
DA:181,1
DA:182,2
DA:189,1
DA:190,4
DA:192,1
DA:193,4
DA:195,1
DA:196,1
DA:197,1
DA:198,4
DA:200,1
DA:206,5
DA:210,1
DA:212,1
DA:214,1
DA:215,3
DA:218,1
DA:220,1
DA:222,1
DA:224,1
DA:225,1
DA:229,1
DA:230,0
DA:231,1
DA:232,1
DA:233,1
DA:235,1
DA:237,1
DA:238,1
DA:239,1
DA:241,1
DA:242,0
DA:243,0
DA:246,0
DA:249,1
DA:254,1
DA:256,2
DA:257,1
DA:263,0
DA:270,1
DA:274,0
DA:282,1
DA:284,1
DA:299,1
DA:301,1
DA:304,1
DA:306,0
DA:307,0
DA:316,1
DA:318,2
DA:319,3
DA:322,1
DA:326,3
DA:329,1
DA:330,1
DA:331,1
DA:333,1
DA:334,1
DA:336,0
LF:135
LH:101
end_of_record
SF:lib/presentation/pages/popular_movies_page.dart
DA:9,2
DA:12,1
DA:13,1
DA:17,1
DA:19,1
DA:20,1
DA:21,5
DA:24,1
DA:26,1
DA:27,1
DA:30,1
DA:32,1
DA:33,1
DA:34,1
DA:38,1
DA:39,1
DA:41,1
DA:42,2
DA:43,1
DA:45,2
DA:47,1
DA:48,1
DA:50,2
LF:23
LH:23
end_of_record
SF:lib/presentation/pages/top_rated_movies_page.dart
DA:10,1
DA:12,1
DA:13,1
DA:17,1
DA:19,1
DA:20,2
DA:21,4
DA:24,1
DA:26,1
DA:27,1
DA:30,1
DA:32,1
DA:33,1
DA:34,1
DA:38,1
DA:39,1
DA:41,1
DA:42,2
DA:43,1
DA:45,2
DA:47,1
DA:48,1
DA:50,2
LF:23
LH:23
end_of_record
SF:lib/presentation/bloc/detail_movie/detail_movie_state.dart
DA:7,2
DA:8,0
DA:9,0
DA:14,1
DA:15,1
DA:21,2
DA:23,1
DA:24,2
DA:30,2
DA:32,1
DA:33,2
DA:37,1
DA:38,1
LF:13
LH:11
end_of_record
SF:lib/presentation/bloc/detail_movie/detail_movie_event.dart
DA:8,2
DA:10,1
DA:11,2
LF:3
LH:3
end_of_record
SF:lib/presentation/bloc/detail_movie/detail_movie_bloc.dart
DA:14,3
DA:15,2
DA:18,1
DA:20,1
DA:21,2
DA:23,2
DA:25,1
DA:26,1
DA:27,3
DA:29,1
DA:30,2
LF:11
LH:11
end_of_record
SF:lib/presentation/bloc/now_playing_movie/now_playing_movie_state.dart
DA:8,1
DA:9,1
DA:15,2
DA:17,1
DA:18,2
DA:24,2
DA:26,1
DA:27,2
DA:31,1
DA:32,1
LF:10
LH:10
end_of_record
SF:lib/presentation/bloc/now_playing_movie/now_playing_movie_event.dart
DA:6,1
DA:7,1
LF:2
LH:2
end_of_record
SF:lib/presentation/bloc/now_playing_movie/now_playing_movie_bloc.dart
DA:15,1
DA:16,2
DA:17,2
DA:20,1
DA:22,2
DA:24,2
DA:26,1
DA:27,1
DA:28,3
DA:30,1
DA:31,1
DA:32,2
DA:34,2
LF:13
LH:13
end_of_record
SF:lib/presentation/bloc/popular_movie/popular_movie_state.dart
DA:8,1
DA:9,1
DA:15,3
DA:17,1
DA:18,2
DA:24,3
DA:26,1
DA:27,2
DA:31,1
DA:32,1
LF:10
LH:10
end_of_record
SF:lib/presentation/bloc/popular_movie/popular_movie_bloc.dart
DA:15,1
DA:16,2
DA:17,2
DA:20,1
DA:22,2
DA:24,2
DA:26,1
DA:27,1
DA:28,3
DA:30,1
DA:31,1
DA:32,2
DA:34,2
LF:13
LH:13
end_of_record
SF:lib/presentation/bloc/popular_movie/popular_movie_event.dart
DA:6,1
DA:7,1
LF:2
LH:2
end_of_record
SF:lib/presentation/bloc/recomendation_movie/recomendation_movie_state.dart
DA:6,1
DA:7,0
DA:8,0
DA:13,0
DA:14,0
DA:20,0
DA:22,0
DA:23,0
DA:29,1
DA:31,0
DA:32,0
DA:36,0
DA:37,0
LF:13
LH:2
end_of_record
SF:lib/presentation/bloc/recomendation_movie/recomendation_movie_event.dart
DA:8,1
DA:10,0
DA:11,0
LF:3
LH:1
end_of_record
SF:lib/presentation/bloc/recomendation_movie/recomendation_movie_bloc.dart
DA:15,0
DA:16,0
DA:17,0
DA:20,0
DA:22,0
DA:23,0
DA:25,0
DA:27,0
DA:28,0
DA:29,0
DA:31,0
DA:32,0
DA:33,0
DA:35,0
LF:14
LH:0
end_of_record
SF:lib/presentation/bloc/top_rated_movie/top_rated_movie_state.dart
DA:8,1
DA:9,1
DA:15,3
DA:17,1
DA:18,2
DA:24,3
DA:26,1
DA:27,2
DA:31,1
DA:32,1
LF:10
LH:10
end_of_record
SF:lib/presentation/bloc/top_rated_movie/top_rated_movie_bloc.dart
DA:15,1
DA:16,2
DA:17,2
DA:20,1
DA:22,2
DA:24,2
DA:26,1
DA:27,1
DA:28,3
DA:30,1
DA:31,1
DA:32,2
DA:34,2
LF:13
LH:13
end_of_record
SF:lib/presentation/bloc/top_rated_movie/top_rated_movie_event.dart
DA:6,1
DA:7,1
LF:2
LH:2
end_of_record
