SF:lib/domain/usecase/movie/get_watchlist_movies.dart
DA:9,1
DA:11,1
DA:12,2
LF:3
LH:3
end_of_record
SF:lib/domain/usecase/movie/get_watchlist_status.dart
DA:6,1
DA:8,1
DA:9,2
LF:3
LH:3
end_of_record
SF:lib/domain/usecase/movie/remove_watchlist.dart
DA:7,1
DA:9,1
DA:10,2
LF:3
LH:3
end_of_record
SF:lib/domain/usecase/movie/save_watchlist.dart
DA:9,1
DA:11,1
DA:12,2
LF:3
LH:3
end_of_record
SF:lib/domain/usecase/tv_series/get_watchlist_status_tv_series.dart
DA:6,1
DA:8,1
DA:9,2
LF:3
LH:3
end_of_record
SF:lib/domain/usecase/tv_series/get_watchlist_tv_series.dart
DA:9,1
DA:11,1
DA:12,2
LF:3
LH:3
end_of_record
SF:lib/domain/usecase/tv_series/remove_watchlist_tv_series.dart
DA:8,1
DA:10,1
DA:11,2
LF:3
LH:3
end_of_record
SF:lib/domain/usecase/tv_series/save_watchlist_tv_series.dart
DA:9,1
DA:11,1
DA:12,2
LF:3
LH:3
end_of_record
SF:lib/presentation/bloc/movie/watchlist_movie_state.dart
DA:7,1
DA:8,1
DA:12,1
DA:13,1
DA:17,1
DA:18,1
DA:24,2
DA:26,1
DA:27,2
DA:33,2
DA:35,1
DA:36,2
DA:42,1
DA:44,1
DA:45,2
DA:51,1
DA:53,1
DA:54,2
LF:18
LH:18
end_of_record
SF:lib/presentation/bloc/movie/watchlist_movie_event.dart
DA:6,1
DA:7,1
DA:13,1
DA:15,1
DA:16,2
DA:21,1
DA:23,1
DA:24,2
DA:30,1
DA:32,1
DA:33,2
LF:11
LH:11
end_of_record
SF:lib/presentation/bloc/movie/watchlist_movie_bloc.dart
DA:19,1
DA:24,2
DA:25,2
DA:26,2
DA:27,2
DA:28,2
DA:31,1
DA:35,2
DA:37,2
DA:39,1
DA:40,1
DA:41,3
DA:43,1
DA:44,1
DA:45,2
DA:46,2
DA:51,1
DA:55,1
DA:57,2
DA:59,2
DA:62,1
DA:66,1
DA:68,2
DA:70,1
DA:71,1
DA:72,3
DA:74,1
DA:75,2
DA:80,1
DA:84,1
DA:86,2
DA:88,1
DA:89,1
DA:90,3
DA:92,1
DA:93,2
LF:36
LH:36
end_of_record
SF:lib/presentation/bloc/tv_series/watchlist_tv_series_state.dart
DA:7,1
DA:8,1
DA:12,1
DA:13,1
DA:17,1
DA:18,1
DA:24,2
DA:26,1
DA:27,2
DA:33,2
DA:35,1
DA:36,2
DA:42,1
DA:44,1
DA:45,2
DA:51,1
DA:53,1
DA:54,2
LF:18
LH:18
end_of_record
SF:lib/presentation/bloc/tv_series/watchlist_tv_series_event.dart
DA:6,1
DA:7,1
DA:13,1
DA:15,1
DA:16,2
DA:21,1
DA:23,1
DA:24,2
DA:30,1
DA:32,1
DA:33,2
LF:11
LH:11
end_of_record
SF:lib/presentation/bloc/tv_series/watchlist_tv_series_bloc.dart
DA:19,1
DA:24,2
DA:25,2
DA:26,2
DA:27,2
DA:28,2
DA:31,1
DA:35,2
DA:37,2
DA:39,1
DA:40,1
DA:41,3
DA:43,1
DA:44,1
DA:45,2
DA:46,2
DA:51,1
DA:55,1
DA:57,2
DA:59,2
DA:62,1
DA:66,1
DA:68,2
DA:70,1
DA:71,1
DA:72,3
DA:74,1
DA:75,2
DA:80,1
DA:84,1
DA:86,2
DA:88,1
DA:89,1
DA:90,3
DA:92,1
DA:93,2
LF:36
LH:36
end_of_record
SF:lib/presentation/pages/movie/watchlist_movies_page.dart
DA:13,1
DA:14,1
DA:19,1
DA:21,1
DA:22,1
DA:23,5
DA:27,1
DA:29,1
DA:30,4
DA:33,0
DA:35,0
DA:38,1
DA:40,1
DA:41,1
DA:43,1
DA:44,1
DA:45,1
DA:49,1
DA:50,1
DA:51,1
DA:52,2
DA:53,1
DA:55,2
DA:57,1
DA:58,1
DA:59,1
DA:61,1
DA:64,2
DA:80,1
DA:82,2
DA:83,1
LF:31
LH:29
end_of_record
SF:lib/presentation/pages/tv_series/watchlist_tv_series_page.dart
DA:10,1
DA:11,1
DA:16,1
DA:18,1
DA:19,1
DA:20,1
DA:21,4
DA:25,1
DA:27,1
DA:28,4
DA:31,0
DA:32,0
DA:35,1
DA:37,1
DA:39,1
DA:40,1
DA:41,1
DA:45,1
DA:46,1
DA:47,1
DA:48,2
DA:49,1
DA:51,2
DA:53,1
DA:54,1
DA:55,1
DA:57,1
DA:60,2
DA:75,1
DA:77,2
DA:78,1
LF:31
LH:29
end_of_record
SF:lib/presentation/pages/watchlist_page.dart
DA:8,0
DA:9,0
DA:16,0
DA:18,0
DA:19,0
DA:20,0
DA:36,0
DA:38,0
DA:39,0
DA:41,0
DA:43,0
DA:45,0
DA:48,0
DA:49,0
DA:50,0
LF:15
LH:0
end_of_record
