SF:./core/lib/data/models/movie_table.dart
DA:12,2
DA:19,2
DA:20,1
DA:21,1
DA:22,1
DA:23,1
DA:26,2
DA:27,1
DA:28,1
DA:29,1
DA:30,1
DA:33,0
DA:34,0
DA:35,0
DA:36,0
DA:37,0
DA:40,2
DA:41,1
DA:42,1
DA:43,1
DA:44,1
DA:47,2
DA:49,10
LF:23
LH:18
end_of_record
SF:./core/lib/domain/entities/genre.dart
DA:4,2
DA:12,2
DA:13,6
LF:3
LH:3
end_of_record
SF:./core/lib/domain/entities/movie.dart
DA:4,2
DA:20,1
DA:41,2
DA:42,2
DA:43,2
DA:44,2
DA:45,2
DA:46,2
DA:47,2
DA:48,2
DA:49,2
DA:50,2
DA:51,2
DA:52,2
DA:53,2
DA:54,2
DA:55,2
LF:17
LH:17
end_of_record
SF:./core/lib/domain/entities/movie_detail.dart
DA:5,1
DA:33,1
DA:34,1
DA:35,1
DA:36,1
DA:37,1
DA:38,1
DA:39,1
DA:40,1
DA:41,1
DA:42,1
DA:43,1
DA:44,1
DA:45,1
LF:14
LH:14
end_of_record
SF:./core/lib/data/models/tv_series_detail_model.dart
DA:31,2
DA:57,1
DA:58,1
DA:59,1
DA:60,1
DA:61,1
DA:62,4
DA:63,1
DA:64,1
DA:65,1
DA:66,4
DA:67,1
DA:68,1
DA:69,1
DA:70,1
DA:71,4
DA:72,1
DA:73,1
DA:74,1
DA:75,2
DA:76,1
DA:77,1
DA:78,4
DA:79,1
DA:80,1
DA:81,1
DA:82,2
DA:83,1
DA:86,0
DA:87,0
DA:88,0
DA:89,0
DA:90,0
DA:91,0
DA:92,0
DA:93,0
DA:94,0
DA:95,0
DA:96,0
DA:97,0
DA:98,0
DA:99,0
DA:100,0
DA:101,0
DA:102,0
DA:103,0
DA:104,0
DA:105,0
DA:106,0
DA:107,0
DA:108,0
DA:109,0
DA:112,1
DA:113,1
DA:114,1
DA:115,1
DA:116,5
DA:117,1
DA:118,1
DA:119,1
DA:120,1
DA:121,1
DA:122,1
DA:123,1
DA:124,5
DA:125,1
DA:126,1
DA:127,1
DA:128,1
DA:129,1
DA:132,1
DA:133,1
DA:134,1
DA:135,1
DA:136,1
DA:137,1
DA:138,1
DA:139,1
DA:140,1
DA:141,1
DA:142,1
DA:143,1
DA:144,1
DA:145,1
DA:146,1
DA:147,1
DA:148,1
DA:149,1
DA:150,1
DA:151,1
DA:152,1
DA:153,1
DA:154,1
DA:155,1
DA:156,1
LF:95
LH:71
end_of_record
SF:./core/lib/data/models/tv_series_model.dart
DA:21,4
DA:37,4
DA:38,2
DA:39,4
DA:40,2
DA:41,2
DA:42,4
DA:43,2
DA:44,2
DA:45,8
DA:46,8
DA:47,2
DA:48,2
DA:49,2
DA:50,2
DA:53,2
DA:54,1
DA:55,1
DA:56,1
DA:57,1
DA:58,1
DA:59,1
DA:60,1
DA:61,4
DA:62,4
DA:63,1
DA:64,1
DA:65,1
DA:66,1
DA:69,2
DA:70,2
DA:71,2
DA:72,2
DA:73,2
DA:74,2
DA:75,2
DA:76,2
DA:77,2
DA:78,2
DA:79,2
DA:80,2
DA:81,2
DA:82,2
DA:83,2
DA:87,2
DA:88,2
DA:89,2
DA:90,2
DA:91,2
DA:92,2
DA:93,2
DA:94,2
DA:95,2
DA:96,2
DA:97,2
DA:98,2
DA:99,2
DA:100,2
DA:101,2
LF:59
LH:59
end_of_record
SF:./core/lib/data/models/tv_series_table.dart
DA:12,2
DA:19,2
DA:20,1
DA:21,1
DA:22,1
DA:23,1
DA:26,2
DA:27,1
DA:28,1
DA:29,1
DA:30,1
DA:33,0
DA:34,0
DA:35,0
DA:36,0
DA:37,0
DA:40,2
DA:41,1
DA:42,1
DA:43,1
DA:44,1
DA:47,2
DA:48,2
DA:49,2
DA:50,2
DA:51,2
DA:52,2
LF:27
LH:22
end_of_record
SF:./core/lib/domain/entities/tv_series.dart
DA:18,2
DA:34,1
DA:50,2
DA:51,2
DA:52,2
DA:53,2
DA:54,2
DA:55,2
DA:56,2
DA:57,2
DA:58,2
DA:59,2
DA:60,2
DA:61,2
DA:62,2
DA:63,2
DA:64,2
LF:17
LH:17
end_of_record
SF:./core/lib/domain/entities/tv_series_detail.dart
DA:25,1
DA:44,1
DA:45,1
DA:46,1
DA:47,1
DA:48,1
DA:49,1
DA:50,1
DA:51,1
DA:52,1
DA:53,1
DA:54,1
DA:55,1
DA:56,1
DA:57,1
DA:58,1
DA:59,1
DA:60,1
DA:61,1
LF:19
LH:19
end_of_record
SF:./core/lib/utils/ssl_pinning.dart
DA:8,0
DA:10,0
DA:15,0
DA:17,0
DA:18,0
DA:19,0
DA:20,0
DA:21,0
DA:22,0
DA:23,0
LF:10
LH:0
end_of_record
SF:./core/lib/data/models/movie_detail_model.dart
DA:7,2
DA:53,1
DA:54,1
DA:55,1
DA:56,1
DA:57,1
DA:58,1
DA:59,4
DA:60,1
DA:61,1
DA:62,1
DA:63,1
DA:64,1
DA:65,1
DA:66,2
DA:67,1
DA:68,1
DA:69,1
DA:70,1
DA:71,1
DA:72,1
DA:73,1
DA:74,1
DA:75,2
DA:76,1
DA:79,0
DA:80,0
DA:81,0
DA:82,0
DA:83,0
DA:84,0
DA:85,0
DA:86,0
DA:87,0
DA:88,0
DA:89,0
DA:90,0
DA:91,0
DA:92,0
DA:93,0
DA:94,0
DA:95,0
DA:96,0
DA:97,0
DA:98,0
DA:99,0
DA:100,0
DA:103,1
DA:104,1
DA:105,1
DA:106,1
DA:107,5
DA:108,1
DA:109,1
DA:110,1
DA:111,1
DA:112,1
DA:113,1
DA:114,1
DA:115,1
DA:116,1
DA:120,1
DA:122,1
DA:123,1
DA:124,1
DA:125,1
DA:126,1
DA:127,1
DA:128,1
DA:129,1
DA:130,1
DA:131,1
DA:132,1
DA:133,1
DA:134,1
DA:135,1
DA:136,1
DA:137,1
DA:138,1
DA:139,1
DA:140,1
DA:141,1
DA:142,1
DA:143,1
LF:84
LH:62
end_of_record
SF:./core/lib/data/datasources/movie/movie_remote_data_source.dart
DA:22,1
DA:24,1
DA:27,3
DA:29,2
DA:30,4
DA:32,1
DA:36,1
DA:39,4
DA:41,2
DA:42,3
DA:44,1
DA:48,1
DA:50,1
DA:51,3
DA:53,2
DA:54,4
DA:56,1
DA:60,1
DA:63,3
DA:65,2
DA:66,4
DA:68,1
DA:72,1
DA:75,3
DA:77,2
DA:78,4
DA:80,1
DA:84,1
DA:86,1
DA:87,3
DA:89,2
DA:90,4
DA:92,1
LF:33
LH:33
end_of_record
SF:./core/lib/data/datasources/movie/movie_local_data_source.dart
DA:15,1
DA:17,1
DA:20,2
DA:23,2
DA:27,1
DA:30,2
DA:33,2
DA:37,1
DA:39,2
DA:41,1
DA:47,1
DA:49,2
DA:50,4
LF:13
LH:13
end_of_record
SF:./core/lib/data/datasources/tv_series/tv_series_remote_data_source.dart
DA:26,1
DA:28,1
DA:31,3
DA:32,2
DA:33,4
DA:35,1
DA:39,1
DA:42,3
DA:44,2
DA:45,4
DA:47,1
DA:51,1
DA:54,3
DA:56,2
DA:57,4
DA:59,1
DA:63,1
DA:65,4
DA:67,2
DA:68,3
DA:70,1
DA:74,1
DA:76,1
DA:77,3
DA:79,2
DA:80,4
DA:82,1
DA:86,1
DA:88,1
DA:89,3
DA:91,2
DA:92,4
DA:94,1
LF:33
LH:33
end_of_record
SF:./core/lib/data/datasources/tv_series/tv_series_local_data_source.dart
DA:16,1
DA:18,1
DA:21,2
DA:24,2
DA:28,1
DA:31,2
DA:34,2
DA:38,1
DA:40,2
DA:42,1
DA:48,1
DA:50,2
DA:51,4
LF:13
LH:13
end_of_record
SF:./core/lib/data/datasources/db/database_helper.dart
DA:9,0
DA:13,0
DA:17,0
DA:19,0
DA:27,0
DA:28,0
DA:29,0
DA:31,0
DA:35,0
DA:36,0
DA:45,0
DA:55,0
DA:56,0
DA:57,0
DA:60,0
DA:61,0
DA:62,0
DA:65,0
DA:66,0
DA:67,0
DA:70,0
DA:74,0
DA:75,0
DA:76,0
DA:79,0
DA:83,0
DA:84,0
DA:85,0
DA:88,0
DA:91,0
DA:92,0
DA:98,0
DA:99,0
DA:100,0
DA:103,0
DA:106,0
DA:107,0
DA:113,0
DA:114,0
DA:116,0
DA:121,0
DA:122,0
DA:124,0
LF:43
LH:0
end_of_record
SF:./core/lib/styles/text_styles.dart
DA:5,0
DA:6,0
DA:7,0
DA:9,0
DA:11,0
DA:15,0
DA:16,0
DA:17,0
DA:18,0
DA:19,0
LF:10
LH:0
end_of_record
SF:./core/lib/utils/exception.dart
DA:6,4
LF:1
LH:1
end_of_record
SF:./core/lib/utils/failure.dart
DA:6,2
DA:8,2
DA:9,4
DA:13,4
DA:17,4
DA:21,4
LF:6
LH:6
end_of_record
SF:./core/lib/utils/utils.dart
DA:3,0
LF:1
LH:0
end_of_record
SF:./core/lib/data/models/movie_model.dart
DA:6,4
DA:36,4
DA:37,2
DA:38,2
DA:39,8
DA:40,2
DA:41,2
DA:42,2
DA:43,4
DA:44,2
DA:45,2
DA:46,2
DA:47,2
DA:48,4
DA:49,2
DA:52,2
DA:53,1
DA:54,1
DA:55,4
DA:56,1
DA:57,1
DA:58,1
DA:59,1
DA:60,1
DA:61,1
DA:62,1
DA:63,1
DA:64,1
DA:65,1
DA:68,2
DA:69,2
DA:70,2
DA:71,2
DA:72,2
DA:73,2
DA:74,2
DA:75,2
DA:76,2
DA:77,2
DA:78,2
DA:79,2
DA:80,2
DA:81,2
DA:82,2
DA:86,2
DA:87,2
DA:88,2
DA:89,2
DA:90,2
DA:91,2
DA:92,2
DA:93,2
DA:94,2
DA:95,2
DA:96,2
DA:97,2
DA:98,2
DA:99,2
DA:100,2
LF:59
LH:59
end_of_record
SF:./core/lib/data/models/movie_response.dart
DA:9,2
DA:11,4
DA:12,4
DA:13,6
DA:14,6
DA:17,2
DA:18,5
DA:21,1
DA:22,2
LF:9
LH:9
end_of_record
SF:./core/lib/data/repositories/movie_repository_impl.dart
DA:15,1
DA:20,1
DA:23,2
DA:24,5
DA:25,1
DA:26,2
DA:27,1
DA:28,2
DA:32,1
DA:35,2
DA:36,2
DA:37,1
DA:38,2
DA:39,1
DA:40,2
DA:44,1
DA:47,2
DA:48,3
DA:49,1
DA:50,2
DA:51,1
DA:52,2
DA:56,1
DA:59,2
DA:60,5
DA:61,1
DA:62,2
DA:63,1
DA:64,2
DA:68,1
DA:71,2
DA:72,5
DA:73,1
DA:74,2
DA:75,1
DA:76,2
DA:80,1
DA:83,2
DA:84,5
DA:85,1
DA:86,2
DA:87,1
DA:88,2
DA:92,1
DA:96,3
DA:97,1
DA:98,1
DA:99,3
DA:105,1
DA:109,3
DA:110,1
DA:111,1
DA:112,3
DA:116,1
DA:118,2
DA:122,1
DA:124,2
DA:125,5
LF:58
LH:58
end_of_record
SF:./core/lib/data/repositories/tv_series_repository_impl.dart
DA:17,1
DA:22,1
DA:25,2
DA:26,5
DA:27,1
DA:28,2
DA:29,1
DA:30,2
DA:34,1
DA:37,2
DA:38,5
DA:39,1
DA:40,2
DA:41,1
DA:42,2
DA:46,1
DA:49,2
DA:50,5
DA:51,1
DA:52,2
DA:53,1
DA:54,2
DA:58,1
DA:61,2
DA:62,5
DA:63,1
DA:64,2
DA:65,1
DA:66,2
DA:70,1
DA:73,2
DA:74,2
DA:75,1
DA:76,2
DA:77,1
DA:78,2
DA:82,1
DA:87,2
DA:88,3
DA:89,1
DA:90,2
DA:91,1
DA:92,2
DA:96,1
DA:98,2
DA:99,5
DA:102,1
DA:104,2
DA:108,1
DA:111,1
DA:112,2
DA:113,1
DA:114,1
DA:115,3
DA:119,1
DA:122,1
DA:123,2
DA:124,1
DA:125,1
DA:126,3
LF:60
LH:60
end_of_record
SF:./core/lib/data/models/tv_series_response.dart
DA:8,2
DA:10,2
DA:11,2
DA:12,4
DA:13,6
DA:14,4
DA:15,6
DA:18,2
DA:19,5
DA:22,1
DA:23,2
LF:11
LH:11
end_of_record
SF:./core/lib/data/models/genre_model.dart
DA:5,4
DA:13,4
DA:14,2
DA:15,2
DA:18,0
DA:19,0
DA:20,0
DA:23,2
DA:24,6
DA:27,2
DA:28,6
LF:11
LH:8
end_of_record
SF:./core/lib/data/models/season_model.dart
DA:14,2
DA:24,2
DA:25,1
DA:26,1
DA:27,1
DA:28,1
DA:29,1
DA:30,1
DA:31,1
DA:34,0
DA:35,0
DA:36,0
DA:37,0
DA:38,0
DA:39,0
DA:40,0
DA:41,0
DA:44,1
DA:45,1
DA:46,1
DA:47,1
DA:48,1
DA:49,1
DA:50,1
DA:51,1
DA:52,1
DA:56,1
DA:57,1
DA:58,1
DA:59,1
DA:60,1
DA:61,1
DA:62,1
DA:63,1
DA:64,1
LF:35
LH:27
end_of_record
SF:./core/lib/domain/entities/season.dart
DA:12,1
DA:22,1
DA:23,1
DA:24,1
DA:25,1
DA:26,1
DA:27,1
DA:28,1
DA:29,1
DA:30,1
LF:10
LH:10
end_of_record
SF:./tv_series/lib/presentation/bloc/now_playing_tv_series/now_playing_tv_series_state.dart
DA:8,1
DA:9,1
DA:15,3
DA:17,1
DA:18,2
DA:24,3
DA:26,1
DA:27,2
DA:31,1
DA:32,1
LF:10
LH:10
end_of_record
SF:./tv_series/lib/presentation/bloc/now_playing_tv_series/now_playing_tv_series_bloc.dart
DA:15,1
DA:16,2
DA:17,2
DA:20,1
DA:22,2
DA:24,2
DA:26,1
DA:27,1
DA:28,3
DA:30,1
DA:31,1
DA:32,2
DA:34,2
LF:13
LH:13
end_of_record
SF:./tv_series/lib/presentation/bloc/now_playing_tv_series/now_playing_tv_series_event.dart
DA:6,1
DA:7,1
LF:2
LH:2
end_of_record
SF:./tv_series/lib/presentation/bloc/popular_tv_series/popular_tv_series_state.dart
DA:8,1
DA:9,1
DA:15,3
DA:17,1
DA:18,2
DA:24,3
DA:26,1
DA:27,2
DA:31,1
DA:32,1
LF:10
LH:10
end_of_record
SF:./tv_series/lib/presentation/bloc/popular_tv_series/popular_tv_series_bloc.dart
DA:15,1
DA:16,2
DA:17,2
DA:20,1
DA:22,2
DA:24,2
DA:26,1
DA:27,1
DA:28,3
DA:30,1
DA:31,1
DA:32,2
DA:34,2
LF:13
LH:13
end_of_record
SF:./tv_series/lib/presentation/bloc/popular_tv_series/popular_tv_series_event.dart
DA:6,1
DA:7,1
LF:2
LH:2
end_of_record
SF:./tv_series/lib/presentation/bloc/top_rated_tv_series/top_rated_tv_series_event.dart
DA:6,1
DA:7,1
LF:2
LH:2
end_of_record
SF:./tv_series/lib/presentation/bloc/top_rated_tv_series/top_rated_tv_series_state.dart
DA:8,1
DA:9,1
DA:15,3
DA:17,1
DA:18,2
DA:24,3
DA:26,1
DA:27,2
DA:31,1
DA:32,1
LF:10
LH:10
end_of_record
SF:./tv_series/lib/presentation/bloc/top_rated_tv_series/top_rated_tv_series_bloc.dart
DA:15,1
DA:16,2
DA:17,2
DA:20,1
DA:22,2
DA:24,2
DA:26,1
DA:27,1
DA:28,3
DA:30,1
DA:31,1
DA:32,2
DA:34,2
LF:13
LH:13
end_of_record
SF:./tv_series/lib/presentation/bloc/detail_tv_series/detail_tv_series_state.dart
DA:7,2
DA:8,0
DA:9,0
DA:14,1
DA:15,1
DA:21,2
DA:23,1
DA:24,2
DA:30,2
DA:32,1
DA:33,2
DA:37,1
DA:38,1
LF:13
LH:11
end_of_record
SF:./tv_series/lib/presentation/bloc/detail_tv_series/detail_tv_series_bloc.dart
DA:14,3
DA:15,2
DA:18,1
DA:20,1
DA:21,2
DA:23,2
DA:25,1
DA:26,1
DA:27,3
DA:29,1
DA:30,2
LF:11
LH:11
end_of_record
SF:./tv_series/lib/presentation/bloc/detail_tv_series/detail_tv_series_event.dart
DA:8,2
DA:10,1
DA:11,2
LF:3
LH:3
end_of_record
SF:./tv_series/lib/presentation/bloc/recomendation_tv_series/recomendation_tv_series_state.dart
DA:6,1
DA:7,0
DA:8,0
DA:13,0
DA:14,0
DA:20,0
DA:22,0
DA:23,0
DA:29,1
DA:31,0
DA:32,0
DA:36,0
DA:37,0
LF:13
LH:2
end_of_record
SF:./tv_series/lib/presentation/bloc/recomendation_tv_series/recomendation_tv_series_event.dart
DA:8,1
DA:10,0
DA:11,0
LF:3
LH:1
end_of_record
SF:./tv_series/lib/presentation/bloc/recomendation_tv_series/recomendation_tv_series_bloc.dart
DA:15,0
DA:16,0
DA:17,0
DA:20,0
DA:22,0
DA:23,0
DA:25,0
DA:27,0
DA:28,0
DA:29,0
DA:31,0
DA:32,0
DA:33,0
DA:35,0
LF:14
LH:0
end_of_record
SF:./tv_series/lib/domain/usecase/get_now_playing_tv_series.dart
DA:9,1
DA:11,1
DA:12,2
LF:3
LH:3
end_of_record
SF:./tv_series/lib/domain/usecase/get_popular_tv_series.dart
DA:9,1
DA:11,1
DA:12,2
LF:3
LH:3
end_of_record
SF:./tv_series/lib/domain/usecase/get_top_rated_tv_series.dart
DA:9,1
DA:11,1
DA:12,2
LF:3
LH:3
end_of_record
SF:./tv_series/lib/domain/usecase/get_tv_series_detail.dart
DA:9,1
DA:11,1
DA:12,2
LF:3
LH:3
end_of_record
SF:./tv_series/lib/domain/usecase/get_tv_series_recomendations.dart
DA:9,1
DA:11,1
DA:12,2
LF:3
LH:3
end_of_record
SF:./tv_series/lib/presentation/pages/detail_tv_series_page.dart
DA:19,1
DA:21,1
DA:22,1
DA:26,1
DA:28,1
DA:29,1
DA:30,1
DA:31,1
DA:32,1
DA:33,4
DA:34,1
DA:35,1
DA:36,4
DA:37,1
DA:38,1
DA:39,4
DA:44,1
DA:46,1
DA:47,3
DA:48,2
DA:50,1
DA:51,1
DA:52,1
DA:53,1
DA:57,1
DA:58,1
DA:59,1
DA:60,1
DA:62,1
DA:83,1
DA:85,1
DA:86,1
DA:90,1
DA:92,3
DA:93,1
DA:94,1
DA:95,1
DA:97,4
DA:99,1
DA:102,0
DA:104,1
DA:106,1
DA:107,1
DA:108,1
DA:118,1
DA:119,1
DA:120,1
DA:122,1
DA:124,1
DA:126,1
DA:127,1
DA:128,3
DA:129,1
DA:131,1
DA:132,0
DA:133,0
DA:134,0
DA:135,0
DA:137,0
DA:138,0
DA:139,0
DA:148,0
DA:150,0
DA:151,0
DA:152,0
DA:153,0
DA:157,0
DA:161,0
DA:162,0
DA:163,0
DA:164,0
DA:165,0
DA:170,0
DA:172,0
DA:173,0
DA:174,0
DA:178,0
DA:179,0
DA:180,0
DA:183,1
DA:185,1
DA:186,2
DA:193,1
DA:194,4
DA:196,1
DA:197,1
DA:198,1
DA:199,4
DA:201,1
DA:207,5
DA:211,1
DA:213,1
DA:215,1
DA:216,3
DA:219,1
DA:221,1
DA:223,1
DA:225,1
DA:227,4
DA:228,1
DA:229,1
DA:230,1
DA:231,1
DA:233,1
DA:235,1
DA:238,1
DA:239,1
DA:240,1
DA:241,1
DA:243,1
DA:244,2
DA:245,1
DA:252,1
DA:256,1
DA:258,1
DA:260,1
DA:262,1
DA:263,1
DA:268,1
DA:269,0
DA:271,1
DA:272,1
DA:273,1
DA:275,1
DA:277,1
DA:278,1
DA:279,1
DA:281,1
DA:282,0
DA:283,0
DA:286,0
DA:289,1
DA:294,1
DA:296,2
DA:297,1
DA:303,0
DA:310,1
DA:314,0
DA:322,1
DA:324,1
DA:339,1
DA:341,1
DA:344,1
DA:346,0
DA:347,0
DA:356,1
DA:358,2
DA:359,3
DA:362,1
DA:366,3
LF:150
LH:116
end_of_record
SF:./tv_series/lib/presentation/pages/now_playing_tv_series_page.dart
DA:9,1
DA:12,1
DA:13,1
DA:17,1
DA:19,1
DA:20,1
DA:21,2
DA:22,1
DA:23,2
DA:27,1
DA:29,1
DA:30,1
DA:33,1
DA:35,1
DA:36,1
DA:37,1
DA:41,1
DA:42,1
DA:44,1
DA:45,2
DA:46,1
DA:48,2
DA:50,1
DA:51,1
DA:53,2
LF:25
LH:25
end_of_record
SF:./tv_series/lib/presentation/pages/popular_tv_series_page.dart
DA:9,1
DA:12,1
DA:13,1
DA:17,1
DA:19,1
DA:20,2
DA:21,4
DA:24,1
DA:26,1
DA:27,1
DA:30,1
DA:32,1
DA:33,1
DA:34,1
DA:38,1
DA:39,1
DA:41,1
DA:42,2
DA:43,1
DA:45,2
DA:47,1
DA:48,1
DA:50,2
LF:23
LH:23
end_of_record
SF:./tv_series/lib/presentation/pages/top_rated_tv_series_page.dart
DA:9,1
DA:12,1
DA:13,1
DA:17,1
DA:19,1
DA:20,1
DA:21,5
DA:25,1
DA:27,1
DA:28,1
DA:31,1
DA:33,1
DA:34,1
DA:35,1
DA:39,1
DA:40,1
DA:42,1
DA:43,2
DA:44,1
DA:46,2
DA:48,1
DA:49,1
DA:51,2
LF:23
LH:23
end_of_record
SF:./tv_series/lib/presentation/pages/tv_series_list_page.dart
DA:19,3
DA:21,1
DA:22,1
DA:26,1
DA:28,1
DA:29,1
DA:30,1
DA:31,4
DA:32,4
DA:33,4
DA:38,1
DA:40,1
DA:41,1
DA:43,1
DA:44,1
DA:45,0
DA:46,0
DA:52,1
DA:54,1
DA:55,1
DA:57,1
DA:58,1
DA:60,0
DA:61,0
DA:65,1
DA:66,1
DA:67,1
DA:71,1
DA:72,1
DA:73,1
DA:74,1
DA:75,1
DA:77,2
DA:79,1
DA:93,1
DA:95,0
DA:96,0
DA:99,1
DA:100,1
DA:101,1
DA:105,1
DA:106,1
DA:108,1
DA:109,1
DA:110,1
DA:112,2
DA:114,1
DA:128,1
DA:130,0
DA:131,0
DA:134,1
DA:135,1
DA:136,1
DA:140,1
DA:141,1
DA:142,1
DA:143,1
DA:144,1
DA:146,2
DA:148,1
DA:170,1
DA:171,1
DA:173,1
DA:174,1
DA:176,1
DA:178,1
DA:194,1
DA:196,1
DA:198,1
DA:200,1
DA:202,1
DA:203,2
DA:204,1
DA:206,1
DA:207,0
DA:208,0
DA:211,0
DA:214,1
DA:216,1
DA:217,2
DA:218,1
DA:221,0
DA:227,2
LF:83
LH:71
end_of_record
SF:./search/lib/domain/usecase/movie/search_movies.dart
DA:9,1
DA:11,1
DA:12,2
LF:3
LH:3
end_of_record
SF:./search/lib/domain/usecase/tv_series/search_tv_series.dart
DA:9,1
DA:11,1
DA:12,2
LF:3
LH:3
end_of_record
SF:./search/lib/presentation/bloc/movie/search_movie_state.dart
DA:6,2
DA:8,1
DA:9,1
DA:19,2
DA:21,1
DA:22,2
DA:28,2
DA:30,1
DA:31,2
LF:9
LH:9
end_of_record
SF:./search/lib/presentation/bloc/movie/search_movie_event.dart
DA:6,2
DA:8,0
DA:9,0
DA:14,2
DA:16,0
DA:17,0
LF:6
LH:2
end_of_record
SF:./search/lib/presentation/bloc/movie/search_movie_bloc.dart
DA:13,3
DA:14,1
DA:15,1
DA:16,1
DA:18,2
DA:19,2
DA:21,1
DA:22,1
DA:23,3
DA:25,1
DA:26,2
DA:29,1
DA:34,2
DA:35,6
LF:14
LH:14
end_of_record
SF:./search/lib/presentation/bloc/tv_series/search_tv_series_state.dart
DA:7,2
DA:9,1
DA:10,1
DA:20,2
DA:22,1
DA:23,2
DA:29,2
DA:31,1
DA:32,2
LF:9
LH:9
end_of_record
SF:./search/lib/presentation/bloc/tv_series/search_tv_series_event.dart
DA:6,2
DA:8,0
DA:9,0
DA:14,2
DA:16,0
DA:17,0
LF:6
LH:2
end_of_record
SF:./search/lib/presentation/bloc/tv_series/search_tv_series_bloc.dart
DA:13,3
DA:14,2
DA:15,1
DA:17,2
DA:18,2
DA:20,1
DA:21,1
DA:22,3
DA:24,1
DA:25,2
DA:28,1
LF:11
LH:11
end_of_record
SF:./search/lib/presentation/pages/movie/search_page.dart
DA:13,1
DA:15,1
DA:16,1
DA:19,1
DA:21,1
DA:23,1
DA:24,1
DA:25,1
DA:26,3
DA:36,1
DA:38,1
DA:41,1
DA:42,1
DA:43,1
DA:47,1
DA:48,1
DA:49,1
DA:50,1
DA:52,1
DA:53,1
DA:54,1
DA:56,1
DA:59,1
DA:60,1
DA:61,1
DA:63,2
DA:66,1
DA:67,1
DA:69,1
DA:70,1
DA:72,1
DA:75,2
DA:81,0
DA:82,0
LF:34
LH:32
end_of_record
SF:./search/lib/presentation/pages/tv_series/search_tv_series_page.dart
DA:11,1
DA:13,1
DA:15,1
DA:16,1
DA:19,1
DA:21,1
DA:23,1
DA:24,1
DA:25,1
DA:27,1
DA:28,2
DA:38,1
DA:40,1
DA:42,1
DA:43,1
DA:44,1
DA:48,1
DA:49,1
DA:50,1
DA:51,1
DA:53,1
DA:54,1
DA:55,1
DA:57,1
DA:60,1
DA:61,1
DA:62,1
DA:63,1
DA:64,1
DA:69,1
DA:70,1
DA:72,1
DA:73,1
DA:75,1
DA:78,2
DA:85,0
DA:86,0
LF:37
LH:35
end_of_record
SF:./movies/lib/domain/usecase/get_movie_detail.dart
DA:9,1
DA:11,1
DA:12,2
LF:3
LH:3
end_of_record
SF:./movies/lib/domain/usecase/get_movie_recommendations.dart
DA:9,1
DA:11,1
DA:12,2
LF:3
LH:3
end_of_record
SF:./movies/lib/domain/usecase/get_now_playing_movies.dart
DA:7,1
DA:9,1
DA:10,2
LF:3
LH:3
end_of_record
SF:./movies/lib/domain/usecase/get_popular_movies.dart
DA:9,1
DA:11,1
DA:12,2
LF:3
LH:3
end_of_record
SF:./movies/lib/domain/usecase/get_top_rated_movies.dart
DA:9,1
DA:11,1
DA:12,2
LF:3
LH:3
end_of_record
SF:./movies/lib/presentation/pages/home_movie_page.dart
DA:14,1
DA:16,1
DA:20,1
DA:22,1
DA:23,1
DA:24,1
DA:25,4
DA:26,4
DA:27,4
DA:32,1
DA:34,1
DA:35,1
DA:36,1
DA:37,1
DA:45,1
DA:48,0
DA:49,0
DA:52,1
DA:55,0
DA:56,0
DA:59,1
DA:62,0
DA:63,0
DA:66,1
DA:67,0
DA:68,0
DA:76,1
DA:78,1
DA:79,1
DA:80,0
DA:81,0
DA:87,1
DA:89,1
DA:90,1
DA:92,1
DA:93,1
DA:95,2
DA:97,1
DA:99,1
DA:102,1
DA:104,1
DA:106,1
DA:107,1
DA:108,1
DA:112,1
DA:113,1
DA:114,1
DA:115,1
DA:116,1
DA:118,2
DA:120,1
DA:134,1
DA:136,0
DA:137,0
DA:139,1
DA:140,1
DA:141,1
DA:145,1
DA:146,1
DA:148,1
DA:149,1
DA:150,1
DA:152,2
DA:154,1
DA:168,1
DA:170,0
DA:171,0
DA:173,1
DA:174,1
DA:175,1
DA:179,1
DA:180,1
DA:181,1
DA:182,1
DA:183,1
DA:185,2
DA:187,1
DA:208,1
DA:209,1
DA:211,1
DA:212,1
DA:214,1
DA:216,1
DA:234,1
DA:236,1
DA:238,1
DA:240,1
DA:242,1
DA:243,2
DA:244,1
DA:246,1
DA:247,0
DA:248,0
DA:251,0
DA:254,1
DA:256,1
DA:257,2
DA:258,1
DA:261,0
DA:267,2
LF:100
LH:82
end_of_record
SF:./movies/lib/presentation/pages/movie_detail_page.dart
DA:18,1
DA:20,1
DA:21,1
DA:25,1
DA:27,1
DA:28,1
DA:29,1
DA:30,6
DA:31,1
DA:32,1
DA:33,4
DA:34,6
DA:39,1
DA:41,2
DA:42,2
DA:43,2
DA:45,1
DA:46,1
DA:47,1
DA:48,1
DA:52,1
DA:53,1
DA:54,1
DA:55,1
DA:57,1
DA:78,1
DA:80,1
DA:81,1
DA:85,1
DA:87,3
DA:88,1
DA:89,1
DA:90,2
DA:91,1
DA:93,4
DA:95,1
DA:98,0
DA:101,1
DA:103,1
DA:104,1
DA:105,1
DA:115,1
DA:116,1
DA:117,1
DA:119,1
DA:121,1
DA:123,1
DA:124,1
DA:125,3
DA:126,1
DA:128,1
DA:129,0
DA:130,0
DA:132,0
DA:133,0
DA:135,0
DA:136,0
DA:145,0
DA:146,0
DA:147,0
DA:148,0
DA:149,0
DA:153,0
DA:157,0
DA:158,0
DA:159,0
DA:160,0
DA:161,0
DA:166,0
DA:168,0
DA:169,0
DA:170,0
DA:174,0
DA:175,0
DA:176,0
DA:179,1
DA:181,1
DA:182,2
DA:189,1
DA:190,4
DA:192,1
DA:193,4
DA:195,1
DA:196,1
DA:197,1
DA:198,4
DA:200,1
DA:206,5
DA:210,1
DA:212,1
DA:214,1
DA:215,3
DA:218,1
DA:220,1
DA:222,1
DA:224,1
DA:225,1
DA:229,1
DA:230,0
DA:231,1
DA:232,1
DA:233,1
DA:235,1
DA:237,1
DA:238,1
DA:239,1
DA:241,1
DA:242,0
DA:243,0
DA:246,0
DA:249,1
DA:254,1
DA:256,2
DA:257,1
DA:263,0
DA:270,1
DA:274,0
DA:282,1
DA:284,1
DA:299,1
DA:301,1
DA:304,1
DA:306,0
DA:307,0
DA:316,1
DA:318,2
DA:319,3
DA:322,1
DA:326,3
DA:329,1
DA:330,1
DA:331,1
DA:333,1
DA:334,1
DA:336,0
LF:135
LH:101
end_of_record
SF:./movies/lib/presentation/pages/popular_movies_page.dart
DA:9,2
DA:12,1
DA:13,1
DA:17,1
DA:19,1
DA:20,1
DA:21,5
DA:24,1
DA:26,1
DA:27,1
DA:30,1
DA:32,1
DA:33,1
DA:34,1
DA:38,1
DA:39,1
DA:41,1
DA:42,2
DA:43,1
DA:45,2
DA:47,1
DA:48,1
DA:50,2
LF:23
LH:23
end_of_record
SF:./movies/lib/presentation/pages/top_rated_movies_page.dart
DA:10,1
DA:12,1
DA:13,1
DA:17,1
DA:19,1
DA:20,2
DA:21,4
DA:24,1
DA:26,1
DA:27,1
DA:30,1
DA:32,1
DA:33,1
DA:34,1
DA:38,1
DA:39,1
DA:41,1
DA:42,2
DA:43,1
DA:45,2
DA:47,1
DA:48,1
DA:50,2
LF:23
LH:23
end_of_record
SF:./movies/lib/presentation/bloc/detail_movie/detail_movie_state.dart
DA:7,2
DA:8,0
DA:9,0
DA:14,1
DA:15,1
DA:21,2
DA:23,1
DA:24,2
DA:30,2
DA:32,1
DA:33,2
DA:37,1
DA:38,1
LF:13
LH:11
end_of_record
SF:./movies/lib/presentation/bloc/detail_movie/detail_movie_event.dart
DA:8,2
DA:10,1
DA:11,2
LF:3
LH:3
end_of_record
SF:./movies/lib/presentation/bloc/detail_movie/detail_movie_bloc.dart
DA:14,3
DA:15,2
DA:18,1
DA:20,1
DA:21,2
DA:23,2
DA:25,1
DA:26,1
DA:27,3
DA:29,1
DA:30,2
LF:11
LH:11
end_of_record
SF:./movies/lib/presentation/bloc/now_playing_movie/now_playing_movie_state.dart
DA:8,1
DA:9,1
DA:15,2
DA:17,1
DA:18,2
DA:24,2
DA:26,1
DA:27,2
DA:31,1
DA:32,1
LF:10
LH:10
end_of_record
SF:./movies/lib/presentation/bloc/now_playing_movie/now_playing_movie_event.dart
DA:6,1
DA:7,1
LF:2
LH:2
end_of_record
SF:./movies/lib/presentation/bloc/now_playing_movie/now_playing_movie_bloc.dart
DA:15,1
DA:16,2
DA:17,2
DA:20,1
DA:22,2
DA:24,2
DA:26,1
DA:27,1
DA:28,3
DA:30,1
DA:31,1
DA:32,2
DA:34,2
LF:13
LH:13
end_of_record
SF:./movies/lib/presentation/bloc/popular_movie/popular_movie_state.dart
DA:8,1
DA:9,1
DA:15,3
DA:17,1
DA:18,2
DA:24,3
DA:26,1
DA:27,2
DA:31,1
DA:32,1
LF:10
LH:10
end_of_record
SF:./movies/lib/presentation/bloc/popular_movie/popular_movie_bloc.dart
DA:15,1
DA:16,2
DA:17,2
DA:20,1
DA:22,2
DA:24,2
DA:26,1
DA:27,1
DA:28,3
DA:30,1
DA:31,1
DA:32,2
DA:34,2
LF:13
LH:13
end_of_record
SF:./movies/lib/presentation/bloc/popular_movie/popular_movie_event.dart
DA:6,1
DA:7,1
LF:2
LH:2
end_of_record
SF:./movies/lib/presentation/bloc/recomendation_movie/recomendation_movie_state.dart
DA:6,1
DA:7,0
DA:8,0
DA:13,0
DA:14,0
DA:20,0
DA:22,0
DA:23,0
DA:29,1
DA:31,0
DA:32,0
DA:36,0
DA:37,0
LF:13
LH:2
end_of_record
SF:./movies/lib/presentation/bloc/recomendation_movie/recomendation_movie_event.dart
DA:8,1
DA:10,0
DA:11,0
LF:3
LH:1
end_of_record
SF:./movies/lib/presentation/bloc/recomendation_movie/recomendation_movie_bloc.dart
DA:15,0
DA:16,0
DA:17,0
DA:20,0
DA:22,0
DA:23,0
DA:25,0
DA:27,0
DA:28,0
DA:29,0
DA:31,0
DA:32,0
DA:33,0
DA:35,0
LF:14
LH:0
end_of_record
SF:./movies/lib/presentation/bloc/top_rated_movie/top_rated_movie_state.dart
DA:8,1
DA:9,1
DA:15,3
DA:17,1
DA:18,2
DA:24,3
DA:26,1
DA:27,2
DA:31,1
DA:32,1
LF:10
LH:10
end_of_record
SF:./movies/lib/presentation/bloc/top_rated_movie/top_rated_movie_bloc.dart
DA:15,1
DA:16,2
DA:17,2
DA:20,1
DA:22,2
DA:24,2
DA:26,1
DA:27,1
DA:28,3
DA:30,1
DA:31,1
DA:32,2
DA:34,2
LF:13
LH:13
end_of_record
SF:./movies/lib/presentation/bloc/top_rated_movie/top_rated_movie_event.dart
DA:6,1
DA:7,1
LF:2
LH:2
end_of_record
SF:./watchlist/lib/domain/usecase/movie/get_watchlist_movies.dart
DA:9,1
DA:11,1
DA:12,2
LF:3
LH:3
end_of_record
SF:./watchlist/lib/domain/usecase/movie/get_watchlist_status.dart
DA:6,1
DA:8,1
DA:9,2
LF:3
LH:3
end_of_record
SF:./watchlist/lib/domain/usecase/movie/remove_watchlist.dart
DA:7,1
DA:9,1
DA:10,2
LF:3
LH:3
end_of_record
SF:./watchlist/lib/domain/usecase/movie/save_watchlist.dart
DA:9,1
DA:11,1
DA:12,2
LF:3
LH:3
end_of_record
SF:./watchlist/lib/domain/usecase/tv_series/get_watchlist_status_tv_series.dart
DA:6,1
DA:8,1
DA:9,2
LF:3
LH:3
end_of_record
SF:./watchlist/lib/domain/usecase/tv_series/get_watchlist_tv_series.dart
DA:9,1
DA:11,1
DA:12,2
LF:3
LH:3
end_of_record
SF:./watchlist/lib/domain/usecase/tv_series/remove_watchlist_tv_series.dart
DA:8,1
DA:10,1
DA:11,2
LF:3
LH:3
end_of_record
SF:./watchlist/lib/domain/usecase/tv_series/save_watchlist_tv_series.dart
DA:9,1
DA:11,1
DA:12,2
LF:3
LH:3
end_of_record
SF:./watchlist/lib/presentation/bloc/movie/watchlist_movie_state.dart
DA:7,1
DA:8,1
DA:12,1
DA:13,1
DA:17,1
DA:18,1
DA:24,2
DA:26,1
DA:27,2
DA:33,2
DA:35,1
DA:36,2
DA:42,1
DA:44,1
DA:45,2
DA:51,1
DA:53,1
DA:54,2
LF:18
LH:18
end_of_record
SF:./watchlist/lib/presentation/bloc/movie/watchlist_movie_event.dart
DA:6,1
DA:7,1
DA:13,1
DA:15,1
DA:16,2
DA:21,1
DA:23,1
DA:24,2
DA:30,1
DA:32,1
DA:33,2
LF:11
LH:11
end_of_record
SF:./watchlist/lib/presentation/bloc/movie/watchlist_movie_bloc.dart
DA:19,1
DA:24,2
DA:25,2
DA:26,2
DA:27,2
DA:28,2
DA:31,1
DA:35,2
DA:37,2
DA:39,1
DA:40,1
DA:41,3
DA:43,1
DA:44,1
DA:45,2
DA:46,2
DA:51,1
DA:55,1
DA:57,2
DA:59,2
DA:62,1
DA:66,1
DA:68,2
DA:70,1
DA:71,1
DA:72,3
DA:74,1
DA:75,2
DA:80,1
DA:84,1
DA:86,2
DA:88,1
DA:89,1
DA:90,3
DA:92,1
DA:93,2
LF:36
LH:36
end_of_record
SF:./watchlist/lib/presentation/bloc/tv_series/watchlist_tv_series_state.dart
DA:7,1
DA:8,1
DA:12,1
DA:13,1
DA:17,1
DA:18,1
DA:24,2
DA:26,1
DA:27,2
DA:33,2
DA:35,1
DA:36,2
DA:42,1
DA:44,1
DA:45,2
DA:51,1
DA:53,1
DA:54,2
LF:18
LH:18
end_of_record
SF:./watchlist/lib/presentation/bloc/tv_series/watchlist_tv_series_event.dart
DA:6,1
DA:7,1
DA:13,1
DA:15,1
DA:16,2
DA:21,1
DA:23,1
DA:24,2
DA:30,1
DA:32,1
DA:33,2
LF:11
LH:11
end_of_record
SF:./watchlist/lib/presentation/bloc/tv_series/watchlist_tv_series_bloc.dart
DA:19,1
DA:24,2
DA:25,2
DA:26,2
DA:27,2
DA:28,2
DA:31,1
DA:35,2
DA:37,2
DA:39,1
DA:40,1
DA:41,3
DA:43,1
DA:44,1
DA:45,2
DA:46,2
DA:51,1
DA:55,1
DA:57,2
DA:59,2
DA:62,1
DA:66,1
DA:68,2
DA:70,1
DA:71,1
DA:72,3
DA:74,1
DA:75,2
DA:80,1
DA:84,1
DA:86,2
DA:88,1
DA:89,1
DA:90,3
DA:92,1
DA:93,2
LF:36
LH:36
end_of_record
SF:./watchlist/lib/presentation/pages/movie/watchlist_movies_page.dart
DA:13,1
DA:14,1
DA:19,1
DA:21,1
DA:22,1
DA:23,5
DA:27,1
DA:29,1
DA:30,4
DA:33,0
DA:35,0
DA:38,1
DA:40,1
DA:41,1
DA:43,1
DA:44,1
DA:45,1
DA:49,1
DA:50,1
DA:51,1
DA:52,2
DA:53,1
DA:55,2
DA:57,1
DA:58,1
DA:59,1
DA:61,1
DA:64,2
DA:80,1
DA:82,2
DA:83,1
LF:31
LH:29
end_of_record
SF:./watchlist/lib/presentation/pages/tv_series/watchlist_tv_series_page.dart
DA:10,1
DA:11,1
DA:16,1
DA:18,1
DA:19,1
DA:20,1
DA:21,4
DA:25,1
DA:27,1
DA:28,4
DA:31,0
DA:32,0
DA:35,1
DA:37,1
DA:38,1
DA:40,1
DA:41,1
DA:42,1
DA:46,1
DA:47,1
DA:48,1
DA:49,2
DA:50,1
DA:52,2
DA:54,1
DA:55,1
DA:56,1
DA:58,1
DA:61,2
DA:77,1
DA:79,2
DA:80,1
LF:32
LH:30
end_of_record
SF:./watchlist/lib/presentation/pages/watchlist_page.dart
DA:8,0
DA:9,0
DA:16,0
DA:18,0
DA:19,0
DA:20,0
DA:36,0
DA:38,0
DA:39,0
DA:41,0
DA:43,0
DA:45,0
DA:48,0
DA:49,0
DA:50,0
LF:15
LH:0
end_of_record
